[    55.317] (--) Log file renamed from "/home/student/.local/share/xorg/Xorg.pid-1364.log" to "/home/student/.local/share/xorg/Xorg.0.log"
[    55.317] 
X.Org X Server 1.19.3
Release Date: 2017-03-15
[    55.317] X Protocol Version 11, Revision 0
[    55.317] Build Operating System:  4.9.3-200.fc25.x86_64 
[    55.317] Current Operating System: Linux localhost.localdomain 4.10.8-200.fc25.x86_64 #1 SMP Fri Mar 31 13:20:22 UTC 2017 x86_64
[    55.317] Kernel command line: BOOT_IMAGE=/vmlinuz-4.10.8-200.fc25.x86_64 root=/dev/mapper/fedora-root ro rd.lvm.lv=fedora/root rd.lvm.lv=fedora/swap rhgb quiet LANG=pl_PL.UTF-8
[    55.318] Build Date: 15 March 2017  06:37:12PM
[    55.318] Build ID: xorg-x11-server 1.19.3-1.fc25 
[    55.318] Current version of pixman: 0.34.0
[    55.318] 	Before reporting problems, check http://wiki.x.org
	to make sure that you have the latest version.
[    55.318] Markers: (--) probed, (**) from config file, (==) default setting,
	(++) from command line, (!!) notice, (II) informational,
	(WW) warning, (EE) error, (NI) not implemented, (??) unknown.
[    55.318] (==) Log file: "/home/student/.local/share/xorg/Xorg.0.log", Time: Sat Mar 17 09:05:55 2018
[    55.319] (==) Using config directory: "/etc/X11/xorg.conf.d"
[    55.319] (==) Using system config directory "/usr/share/X11/xorg.conf.d"
[    55.348] (==) No Layout section.  Using the first Screen section.
[    55.349] (==) No screen section available. Using defaults.
[    55.349] (**) |-->Screen "Default Screen Section" (0)
[    55.349] (**) |   |-->Monitor "<default monitor>"
[    55.350] (==) No monitor specified for screen "Default Screen Section".
	Using a default monitor configuration.
[    55.350] (==) Automatically adding devices
[    55.351] (==) Automatically enabling devices
[    55.351] (==) Automatically adding GPU devices
[    55.351] (==) Automatically binding GPU devices
[    55.351] (==) Max clients allowed: 256, resource mask: 0x1fffff
[    55.351] (==) FontPath set to:
	catalogue:/etc/X11/fontpath.d,
	built-ins
[    55.351] (==) ModulePath set to "/usr/lib64/xorg/modules"
[    55.351] (II) The server relies on udev to provide the list of input devices.
	If no devices become available, reconfigure udev or disable AutoAddDevices.
[    55.353] (II) Loader magic: 0x825e00
[    55.353] (II) Module ABI versions:
[    55.353] 	X.Org ANSI C Emulation: 0.4
[    55.353] 	X.Org Video Driver: 23.0
[    55.353] 	X.Org XInput driver : 24.1
[    55.353] 	X.Org Server Extension : 10.0
[    55.355] (++) using VT number 2

[    55.363] (II) systemd-logind: took control of session /org/freedesktop/login1/session/_32
[    55.369] (II) xfree86: Adding drm device (/dev/dri/card0)
[    55.370] (II) systemd-logind: got fd for /dev/dri/card0 226:0 fd 12 paused 0
[    55.400] (--) PCI:*(0:0:15:0) 15ad:0405:15ad:0405 rev 0, Mem @ 0xe8000000/134217728, 0xfe000000/8388608, I/O @ 0x00001070/16, BIOS @ 0x????????/65536
[    55.401] (II) LoadModule: "glx"
[    55.402] (II) Loading /usr/lib64/xorg/modules/extensions/libglx.so
[    55.406] (II) Module glx: vendor="X.Org Foundation"
[    55.406] 	compiled for 1.19.3, module version = 1.0.0
[    55.406] 	ABI class: X.Org Server Extension, version 10.0
[    55.406] (==) Matched vmware as autoconfigured driver 0
[    55.406] (==) Matched vmware as autoconfigured driver 1
[    55.407] (==) Matched modesetting as autoconfigured driver 2
[    55.407] (==) Matched fbdev as autoconfigured driver 3
[    55.407] (==) Matched vesa as autoconfigured driver 4
[    55.407] (==) Assigned the driver to the xf86ConfigLayout
[    55.407] (II) LoadModule: "vmware"
[    55.408] (II) Loading /usr/lib64/xorg/modules/drivers/vmware_drv.so
[    55.448] (II) Module vmware: vendor="X.Org Foundation"
[    55.448] 	compiled for 1.19.0, module version = 13.2.1
[    55.448] 	Module class: X.Org Video Driver
[    55.448] 	ABI class: X.Org Video Driver, version 23.0
[    55.448] (II) LoadModule: "modesetting"
[    55.448] (II) Loading /usr/lib64/xorg/modules/drivers/modesetting_drv.so
[    55.460] (II) Module modesetting: vendor="X.Org Foundation"
[    55.460] 	compiled for 1.19.3, module version = 1.19.3
[    55.460] 	Module class: X.Org Video Driver
[    55.460] 	ABI class: X.Org Video Driver, version 23.0
[    55.460] (II) LoadModule: "fbdev"
[    55.460] (II) Loading /usr/lib64/xorg/modules/drivers/fbdev_drv.so
[    55.469] (II) Module fbdev: vendor="X.Org Foundation"
[    55.469] 	compiled for 1.18.99.901, module version = 0.4.3
[    55.469] 	Module class: X.Org Video Driver
[    55.469] 	ABI class: X.Org Video Driver, version 23.0
[    55.469] (II) LoadModule: "vesa"
[    55.469] (II) Loading /usr/lib64/xorg/modules/drivers/vesa_drv.so
[    55.470] (II) Module vesa: vendor="X.Org Foundation"
[    55.470] 	compiled for 1.18.99.901, module version = 2.3.2
[    55.470] 	Module class: X.Org Video Driver
[    55.470] 	ABI class: X.Org Video Driver, version 23.0
[    55.470] (II) vmware: driver for VMware SVGA: vmware0405, vmware0710
[    55.470] (II) modesetting: Driver for Modesetting Kernel Drivers: kms
[    55.470] (II) FBDEV: driver for framebuffer: fbdev
[    55.470] (II) VESA: driver for VESA chipsets: vesa
[    55.470] xf86EnableIOPorts: failed to set IOPL for I/O (Operation not permitted)
[    55.470] (WW) Falling back to old probe method for modesetting
[    55.470] (WW) Falling back to old probe method for fbdev
[    55.470] (II) Loading sub module "fbdevhw"
[    55.470] (II) LoadModule: "fbdevhw"
[    55.470] (II) Loading /usr/lib64/xorg/modules/libfbdevhw.so
[    55.471] (II) Module fbdevhw: vendor="X.Org Foundation"
[    55.471] 	compiled for 1.19.3, module version = 0.0.2
[    55.471] 	ABI class: X.Org Video Driver, version 23.0
[    55.471] (EE) open /dev/fb0: Permission denied
[    55.471] (WW) Falling back to old probe method for vesa
[    55.471] (WW) VGA arbiter: cannot open kernel arbiter, no multi-card support
[    55.471] (II) vmware(0): Creating default Display subsection in Screen section
	"Default Screen Section" for depth/fbbpp 24/32
[    55.471] (--) vmware(0): DRM driver version is 2.12.0
[    55.471] (==) vmware(0): Depth 24, (--) framebuffer bpp 32
[    55.471] (==) vmware(0): RGB weight 888
[    55.471] (==) vmware(0): Default visual is TrueColor
[    55.471] (--) vmware(0): Min width 1, Max Width 4096.
[    55.471] (--) vmware(0): Min height 1, Max Height 4096.
[    55.471] (II) vmware(0): Output Virtual1 has no monitor section
[    55.471] (II) vmware(0): Output Virtual2 has no monitor section
[    55.472] (II) vmware(0): Output Virtual3 has no monitor section
[    55.472] (II) vmware(0): Output Virtual4 has no monitor section
[    55.472] (II) vmware(0): Output Virtual5 has no monitor section
[    55.472] (II) vmware(0): Output Virtual6 has no monitor section
[    55.472] (II) vmware(0): Output Virtual7 has no monitor section
[    55.472] (II) vmware(0): Output Virtual8 has no monitor section
[    55.472] (II) vmware(0): Printing probed modes for output Virtual1
[    55.472] (II) vmware(0): Modeline "800x600"x60.0   42.75  800 850 900 950  600 650 700 750 -hsync +vsync (45.0 kHz eP)
[    55.472] (II) vmware(0): Modeline "2560x1600"x60.0  348.50  2560 2752 3032 3504  1600 1603 1609 1658 -hsync +vsync (99.5 kHz e)
[    55.472] (II) vmware(0): Modeline "1920x1440"x60.0  234.00  1920 2048 2256 2600  1440 1441 1444 1500 -hsync +vsync (90.0 kHz e)
[    55.472] (II) vmware(0): Modeline "1856x1392"x60.0  218.25  1856 1952 2176 2528  1392 1393 1396 1439 -hsync +vsync (86.3 kHz e)
[    55.472] (II) vmware(0): Modeline "1792x1344"x60.0  204.75  1792 1920 2120 2448  1344 1345 1348 1394 -hsync +vsync (83.6 kHz e)
[    55.472] (II) vmware(0): Modeline "1920x1200"x59.9  193.25  1920 2056 2256 2592  1200 1203 1209 1245 -hsync +vsync (74.6 kHz e)
[    55.472] (II) vmware(0): Modeline "1600x1200"x60.0  162.00  1600 1664 1856 2160  1200 1201 1204 1250 +hsync +vsync (75.0 kHz e)
[    55.472] (II) vmware(0): Modeline "1680x1050"x60.0  146.25  1680 1784 1960 2240  1050 1053 1059 1089 -hsync +vsync (65.3 kHz e)
[    55.472] (II) vmware(0): Modeline "1400x1050"x60.0  121.75  1400 1488 1632 1864  1050 1053 1057 1089 -hsync +vsync (65.3 kHz e)
[    55.472] (II) vmware(0): Modeline "1280x1024"x60.0  108.00  1280 1328 1440 1688  1024 1025 1028 1066 +hsync +vsync (64.0 kHz e)
[    55.472] (II) vmware(0): Modeline "1440x900"x59.9  106.50  1440 1520 1672 1904  900 903 909 934 -hsync +vsync (55.9 kHz e)
[    55.472] (II) vmware(0): Modeline "1280x960"x60.0  108.00  1280 1376 1488 1800  960 961 964 1000 +hsync +vsync (60.0 kHz e)
[    55.472] (II) vmware(0): Modeline "1360x768"x60.0   85.50  1360 1424 1536 1792  768 771 777 795 +hsync +vsync (47.7 kHz e)
[    55.472] (II) vmware(0): Modeline "1280x800"x59.8   83.50  1280 1352 1480 1680  800 803 809 831 +hsync -vsync (49.7 kHz e)
[    55.472] (II) vmware(0): Modeline "1152x864"x75.0  108.00  1152 1216 1344 1600  864 865 868 900 +hsync +vsync (67.5 kHz e)
[    55.472] (II) vmware(0): Modeline "1280x768"x59.9   79.50  1280 1344 1472 1664  768 771 778 798 -hsync +vsync (47.8 kHz e)
[    55.472] (II) vmware(0): Modeline "1024x768"x60.0   65.00  1024 1048 1184 1344  768 771 777 806 -hsync -vsync (48.4 kHz e)
[    55.472] (II) vmware(0): Modeline "800x600"x60.3   40.00  800 840 968 1056  600 601 605 628 +hsync +vsync (37.9 kHz e)
[    55.472] (II) vmware(0): Modeline "640x480"x59.9   25.18  640 656 752 800  480 489 492 525 -hsync -vsync (31.5 kHz e)
[    55.472] (II) vmware(0): EDID for output Virtual2
[    55.472] (II) vmware(0): EDID for output Virtual3
[    55.472] (II) vmware(0): EDID for output Virtual4
[    55.472] (II) vmware(0): EDID for output Virtual5
[    55.472] (II) vmware(0): EDID for output Virtual6
[    55.472] (II) vmware(0): EDID for output Virtual7
[    55.472] (II) vmware(0): EDID for output Virtual8
[    55.472] (II) vmware(0): Output Virtual1 connected
[    55.472] (II) vmware(0): Output Virtual2 disconnected
[    55.472] (II) vmware(0): Output Virtual3 disconnected
[    55.472] (II) vmware(0): Output Virtual4 disconnected
[    55.472] (II) vmware(0): Output Virtual5 disconnected
[    55.472] (II) vmware(0): Output Virtual6 disconnected
[    55.472] (II) vmware(0): Output Virtual7 disconnected
[    55.472] (II) vmware(0): Output Virtual8 disconnected
[    55.472] (II) vmware(0): Using exact sizes for initial modes
[    55.472] (II) vmware(0): Output Virtual1 using initial mode 800x600 +0+0
[    55.472] (==) vmware(0): DPI set to (96, 96)
[    55.472] (==) vmware(0): Using gamma correction (1.0, 1.0, 1.0)
[    55.472] (II) Loading sub module "fb"
[    55.472] (II) LoadModule: "fb"
[    55.472] (II) Loading /usr/lib64/xorg/modules/libfb.so
[    55.474] (II) Module fb: vendor="X.Org Foundation"
[    55.474] 	compiled for 1.19.3, module version = 1.0.0
[    55.474] 	ABI class: X.Org ANSI C Emulation, version 0.4
[    55.474] (II) Loading sub module "dri2"
[    55.474] (II) LoadModule: "dri2"
[    55.474] (II) Module "dri2" already built-in
[    55.474] (II) UnloadModule: "modesetting"
[    55.474] (II) Unloading modesetting
[    55.474] (II) UnloadModule: "fbdev"
[    55.474] (II) Unloading fbdev
[    55.474] (II) UnloadSubModule: "fbdevhw"
[    55.474] (II) Unloading fbdevhw
[    55.474] (II) UnloadModule: "vesa"
[    55.474] (II) Unloading vesa
[    55.474] (==) Depth 24 pixmap format is 32 bpp
[    55.474] (II) vmware(0): Initialized VMWARE_CTRL extension version 0.2
[    55.526] (WW) vmware(0): Failed to initialize Gallium3D Xa. No render acceleration available.
[    55.526] (WW) vmware(0): Skipped initialization of direct rendering due to lack of render acceleration.
[    55.526] (--) vmware(0): Render acceleration is disabled.
[    55.526] (==) vmware(0): Rendercheck mode is disabled.
[    55.526] (--) vmware(0): Direct rendering (3D) is disabled.
[    55.526] (==) vmware(0): Backing store enabled
[    55.526] (==) vmware(0): Silken mouse enabled
[    55.528] (II) vmware(0): RandR 1.2 enabled, ignore the following RandR disabled message.
[    55.529] (==) vmware(0): DPMS enabled
[    55.529] (II) vmware(0): No 3D acceleration. Not setting up textured video.
[    55.529] (--) RandR disabled
[    55.534] (II) SELinux: Disabled on system
[    55.535] (II) AIGLX: Screen 0 is not DRI2 capable
[    55.536] (EE) AIGLX: reverting to software rendering
[    55.539] (II) IGLX: enabled GLX_MESA_copy_sub_buffer
[    55.540] (II) IGLX: Loaded and initialized swrast
[    55.540] (II) GLX: Initialized DRISWRAST GL provider for screen 0
[    55.542] (II) vmware(0): Setting screen physical size to 211 x 158
[    55.560] (II) config/udev: Adding input device Power Button (/dev/input/event0)
[    55.560] (**) Power Button: Applying InputClass "evdev keyboard catchall"
[    55.560] (**) Power Button: Applying InputClass "libinput keyboard catchall"
[    55.560] (**) Power Button: Applying InputClass "system-keyboard"
[    55.560] (II) LoadModule: "libinput"
[    55.560] (II) Loading /usr/lib64/xorg/modules/input/libinput_drv.so
[    55.578] (II) Module libinput: vendor="X.Org Foundation"
[    55.578] 	compiled for 1.19.1, module version = 0.23.0
[    55.579] 	Module class: X.Org XInput Driver
[    55.579] 	ABI class: X.Org XInput driver, version 24.1
[    55.579] (II) Using input driver 'libinput' for 'Power Button'
[    55.580] (II) systemd-logind: got fd for /dev/input/event0 13:64 fd 20 paused 0
[    55.580] (**) Power Button: always reports core events
[    55.580] (**) Option "Device" "/dev/input/event0"
[    55.580] (**) Option "_source" "server/udev"
[    55.581] (II) input device 'Power Button', /dev/input/event0 is tagged by udev as: Keyboard
[    55.581] (II) input device 'Power Button', /dev/input/event0 is a keyboard
[    55.581] (**) Option "config_info" "udev:/sys/devices/LNXSYSTM:00/LNXPWRBN:00/input/input0/event0"
[    55.581] (II) XINPUT: Adding extended input device "Power Button" (type: KEYBOARD, id 6)
[    55.581] (**) Option "xkb_layout" "pl"
[    55.593] (II) input device 'Power Button', /dev/input/event0 is tagged by udev as: Keyboard
[    55.593] (II) input device 'Power Button', /dev/input/event0 is a keyboard
[    55.594] (II) config/udev: Adding input device VMware VMware Virtual USB Mouse (/dev/input/event4)
[    55.594] (**) VMware VMware Virtual USB Mouse: Applying InputClass "evdev pointer catchall"
[    55.594] (**) VMware VMware Virtual USB Mouse: Applying InputClass "libinput pointer catchall"
[    55.594] (II) Using input driver 'libinput' for 'VMware VMware Virtual USB Mouse'
[    55.646] (II) systemd-logind: got fd for /dev/input/event4 13:68 fd 23 paused 0
[    55.646] (**) VMware VMware Virtual USB Mouse: always reports core events
[    55.646] (**) Option "Device" "/dev/input/event4"
[    55.647] (**) Option "_source" "server/udev"
[    55.648] (II) input device 'VMware VMware Virtual USB Mouse', /dev/input/event4 is tagged by udev as: Mouse
[    55.648] (II) input device 'VMware VMware Virtual USB Mouse', /dev/input/event4 is a pointer caps
[    55.648] (**) Option "config_info" "udev:/sys/devices/pci0000:00/0000:00:11.0/0000:02:00.0/usb1/1-1/1-1:1.0/0003:0E0F:0003.0001/input/input5/event4"
[    55.648] (II) XINPUT: Adding extended input device "VMware VMware Virtual USB Mouse" (type: MOUSE, id 7)
[    55.648] (**) Option "AccelerationScheme" "none"
[    55.649] (**) VMware VMware Virtual USB Mouse: (accel) selected scheme none/0
[    55.649] (**) VMware VMware Virtual USB Mouse: (accel) acceleration factor: 2.000
[    55.649] (**) VMware VMware Virtual USB Mouse: (accel) acceleration threshold: 4
[    55.650] (II) input device 'VMware VMware Virtual USB Mouse', /dev/input/event4 is tagged by udev as: Mouse
[    55.650] (II) input device 'VMware VMware Virtual USB Mouse', /dev/input/event4 is a pointer caps
[    55.651] (II) config/udev: Adding input device VMware VMware Virtual USB Mouse (/dev/input/mouse2)
[    55.651] (II) No input driver specified, ignoring this device.
[    55.652] (II) This device may have been added with another device file.
[    55.652] (II) config/udev: Adding input device AT Translated Set 2 keyboard (/dev/input/event1)
[    55.652] (**) AT Translated Set 2 keyboard: Applying InputClass "evdev keyboard catchall"
[    55.652] (**) AT Translated Set 2 keyboard: Applying InputClass "libinput keyboard catchall"
[    55.652] (**) AT Translated Set 2 keyboard: Applying InputClass "system-keyboard"
[    55.653] (II) Using input driver 'libinput' for 'AT Translated Set 2 keyboard'
[    55.654] (II) systemd-logind: got fd for /dev/input/event1 13:65 fd 24 paused 0
[    55.654] (**) AT Translated Set 2 keyboard: always reports core events
[    55.654] (**) Option "Device" "/dev/input/event1"
[    55.654] (**) Option "_source" "server/udev"
[    55.655] (II) input device 'AT Translated Set 2 keyboard', /dev/input/event1 is tagged by udev as: Keyboard
[    55.655] (II) input device 'AT Translated Set 2 keyboard', /dev/input/event1 is a keyboard
[    55.655] (**) Option "config_info" "udev:/sys/devices/platform/i8042/serio0/input/input1/event1"
[    55.655] (II) XINPUT: Adding extended input device "AT Translated Set 2 keyboard" (type: KEYBOARD, id 8)
[    55.655] (**) Option "xkb_layout" "pl"
[    55.655] (II) input device 'AT Translated Set 2 keyboard', /dev/input/event1 is tagged by udev as: Keyboard
[    55.655] (II) input device 'AT Translated Set 2 keyboard', /dev/input/event1 is a keyboard
[    55.655] (II) config/udev: Adding input device VirtualPS/2 VMware VMMouse (/dev/input/event3)
[    55.656] (**) VirtualPS/2 VMware VMMouse: Applying InputClass "evdev pointer catchall"
[    55.656] (**) VirtualPS/2 VMware VMMouse: Applying InputClass "libinput pointer catchall"
[    55.656] (II) Using input driver 'libinput' for 'VirtualPS/2 VMware VMMouse'
[    55.657] (II) systemd-logind: got fd for /dev/input/event3 13:67 fd 25 paused 0
[    55.657] (**) VirtualPS/2 VMware VMMouse: always reports core events
[    55.657] (**) Option "Device" "/dev/input/event3"
[    55.657] (**) Option "_source" "server/udev"
[    55.657] (II) input device 'VirtualPS/2 VMware VMMouse', /dev/input/event3 is tagged by udev as: Mouse
[    55.657] (II) input device 'VirtualPS/2 VMware VMMouse', /dev/input/event3 is a pointer caps
[    55.657] (**) Option "config_info" "udev:/sys/devices/platform/i8042/serio1/input/input3/event3"
[    55.657] (II) XINPUT: Adding extended input device "VirtualPS/2 VMware VMMouse" (type: MOUSE, id 9)
[    55.657] (**) Option "AccelerationScheme" "none"
[    55.657] (**) VirtualPS/2 VMware VMMouse: (accel) selected scheme none/0
[    55.657] (**) VirtualPS/2 VMware VMMouse: (accel) acceleration factor: 2.000
[    55.657] (**) VirtualPS/2 VMware VMMouse: (accel) acceleration threshold: 4
[    55.657] (II) input device 'VirtualPS/2 VMware VMMouse', /dev/input/event3 is tagged by udev as: Mouse
[    55.657] (II) input device 'VirtualPS/2 VMware VMMouse', /dev/input/event3 is a pointer caps
[    55.657] (II) config/udev: Adding input device VirtualPS/2 VMware VMMouse (/dev/input/mouse1)
[    55.657] (II) No input driver specified, ignoring this device.
[    55.657] (II) This device may have been added with another device file.
[    55.657] (II) config/udev: Adding input device VirtualPS/2 VMware VMMouse (/dev/input/event2)
[    55.657] (**) VirtualPS/2 VMware VMMouse: Applying InputClass "evdev pointer catchall"
[    55.657] (**) VirtualPS/2 VMware VMMouse: Applying InputClass "libinput pointer catchall"
[    55.657] (II) Using input driver 'libinput' for 'VirtualPS/2 VMware VMMouse'
[    55.659] (II) systemd-logind: got fd for /dev/input/event2 13:66 fd 26 paused 0
[    55.659] (**) VirtualPS/2 VMware VMMouse: always reports core events
[    55.659] (**) Option "Device" "/dev/input/event2"
[    55.659] (**) Option "_source" "server/udev"
[    55.659] (II) input device 'VirtualPS/2 VMware VMMouse', /dev/input/event2 is tagged by udev as: Mouse
[    55.659] (II) input device 'VirtualPS/2 VMware VMMouse', /dev/input/event2 is a pointer caps
[    55.659] (**) Option "config_info" "udev:/sys/devices/platform/i8042/serio1/input/input4/event2"
[    55.659] (II) XINPUT: Adding extended input device "VirtualPS/2 VMware VMMouse" (type: MOUSE, id 10)
[    55.660] (**) Option "AccelerationScheme" "none"
[    55.660] (**) VirtualPS/2 VMware VMMouse: (accel) selected scheme none/0
[    55.660] (**) VirtualPS/2 VMware VMMouse: (accel) acceleration factor: 2.000
[    55.660] (**) VirtualPS/2 VMware VMMouse: (accel) acceleration threshold: 4
[    55.661] (II) input device 'VirtualPS/2 VMware VMMouse', /dev/input/event2 is tagged by udev as: Mouse
[    55.661] (II) input device 'VirtualPS/2 VMware VMMouse', /dev/input/event2 is a pointer caps
[    55.661] (II) config/udev: Adding input device VirtualPS/2 VMware VMMouse (/dev/input/mouse0)
[    55.661] (II) No input driver specified, ignoring this device.
[    55.661] (II) This device may have been added with another device file.
[    56.634] (EE) No surface to present from.
[    57.316] (DB) vmware(0): New layout.
[    57.316] (DB) vmware(0): 0: 0 0 1918 941
[    57.316] (DB) vmware(0): 
